Icon 'bookmark_check_gray' replaced by 'drawable/bookmark_check_gray.xml', spotted files:
chrome/android/java/res/drawable-hdpi/bookmark_check_gray.png
chrome/android/java/res/drawable-mdpi/bookmark_check_gray.png
chrome/android/java/res/drawable-xhdpi/bookmark_check_gray.png
chrome/android/java/res/drawable-xxhdpi/bookmark_check_gray.png
chrome/android/java/res/drawable-xxxhdpi/bookmark_check_gray.png

Icon 'btn_close_white' replaced by 'drawable/btn_close_white.xml', spotted files:
chrome/android/java/res/drawable-hdpi/btn_close_white.png
chrome/android/java/res/drawable-mdpi/btn_close_white.png
chrome/android/java/res/drawable-xhdpi/btn_close_white.png
chrome/android/java/res/drawable-xxhdpi/btn_close_white.png
chrome/android/java/res/drawable-xxxhdpi/btn_close_white.png

Icon 'btn_left' replaced by 'drawable/btn_left.xml', spotted files:
chrome/android/java/res/drawable-hdpi/btn_left.png
chrome/android/java/res/drawable-mdpi/btn_left.png
chrome/android/java/res/drawable-xhdpi/btn_left.png
chrome/android/java/res/drawable-xxhdpi/btn_left.png
chrome/android/java/res/drawable-xxxhdpi/btn_left.png

Icon 'btn_tab_close_normal' replaced by 'drawable/btn_tab_close_normal.xml', spotted files:
chrome/android/java/res/drawable-hdpi/btn_tab_close_normal.png
chrome/android/java/res/drawable-mdpi/btn_tab_close_normal.png
chrome/android/java/res/drawable-xhdpi/btn_tab_close_normal.png
chrome/android/java/res/drawable-xxhdpi/btn_tab_close_normal.png
chrome/android/java/res/drawable-xxxhdpi/btn_tab_close_normal.png

Icon 'ic_add_to_home_screen_r' replaced by 'drawable/ic_add_to_home_screen_r.xml', spotted files:
chrome/android/java/res/drawable-hdpi/ic_add_to_home_screen_r.png
chrome/android/java/res/drawable-mdpi/ic_add_to_home_screen_r.png
chrome/android/java/res/drawable-xhdpi/ic_add_to_home_screen_r.png
chrome/android/java/res/drawable-xxhdpi/ic_add_to_home_screen_r.png
chrome/android/java/res/drawable-xxxhdpi/ic_add_to_home_screen_r.png

Icon 'ic_bookmarks' replaced by 'drawable/ic_bookmarks.xml', spotted files:
chrome/android/java/res/drawable-hdpi/ic_bookmarks.png
chrome/android/java/res/drawable-mdpi/ic_bookmarks.png
chrome/android/java/res/drawable-xhdpi/ic_bookmarks.png
chrome/android/java/res/drawable-xxhdpi/ic_bookmarks.png
chrome/android/java/res/drawable-xxxhdpi/ic_bookmarks.png

Icon 'ic_clear_data' replaced by 'drawable/ic_clear_data.xml', spotted files:
chrome/android/java/res/drawable-hdpi/ic_clear_data.png
chrome/android/java/res/drawable-mdpi/ic_clear_data.png
chrome/android/java/res/drawable-xhdpi/ic_clear_data.png
chrome/android/java/res/drawable-xxhdpi/ic_clear_data.png
chrome/android/java/res/drawable-xxxhdpi/ic_clear_data.png

Icon 'ic_desktop_mode' replaced by 'drawable/ic_desktop_mode.xml', spotted files:
chrome/android/java/res/drawable-hdpi/ic_desktop_mode.png
chrome/android/java/res/drawable-mdpi/ic_desktop_mode.png
chrome/android/java/res/drawable-xhdpi/ic_desktop_mode.png
chrome/android/java/res/drawable-xxhdpi/ic_desktop_mode.png
chrome/android/java/res/drawable-xxxhdpi/ic_desktop_mode.png

Icon 'ic_devtools' replaced by 'drawable/ic_devtools.xml', spotted files:
chrome/android/java/res/drawable-hdpi/ic_devtools.png
chrome/android/java/res/drawable-mdpi/ic_devtools.png
chrome/android/java/res/drawable-xhdpi/ic_devtools.png
chrome/android/java/res/drawable-xxhdpi/ic_devtools.png
chrome/android/java/res/drawable-xxxhdpi/ic_devtools.png

Icon 'ic_downloads' replaced by 'drawable/ic_downloads.xml', spotted files:
chrome/android/java/res/drawable-hdpi/ic_downloads.png
chrome/android/java/res/drawable-mdpi/ic_downloads.png
chrome/android/java/res/drawable-xhdpi/ic_downloads.png
chrome/android/java/res/drawable-xxhdpi/ic_downloads.png
chrome/android/java/res/drawable-xxxhdpi/ic_downloads.png

Icon 'ic_exit_to_app' replaced by 'drawable/ic_exit_to_app.xml', spotted files:
chrome/android/java/res/drawable-hdpi/ic_exit_to_app_white_24dp.png
chrome/android/java/res/drawable-mdpi/ic_exit_to_app_white_24dp.png
chrome/android/java/res/drawable-xhdpi/ic_exit_to_app_white_24dp.png
chrome/android/java/res/drawable-xxhdpi/ic_exit_to_app_white_24dp.png
chrome/android/java/res/drawable-xxxhdpi/ic_exit_to_app_white_24dp.png

Icon 'ic_extensions' replaced by 'drawable/ic_extensions.xml', spotted files:
chrome/android/java/res/drawable-hdpi/ic_extensions.png
chrome/android/java/res/drawable-mdpi/ic_extensions.png
chrome/android/java/res/drawable-xhdpi/ic_extensions.png
chrome/android/java/res/drawable-xxhdpi/ic_extensions.png
chrome/android/java/res/drawable-xxxhdpi/ic_extensions.png

Icon 'ic_find_in_page_r' replaced by 'drawable/ic_find_in_page_r.xml', spotted files:
chrome/android/java/res/drawable-hdpi/ic_find_in_page_r.png
chrome/android/java/res/drawable-mdpi/ic_find_in_page_r.png
chrome/android/java/res/drawable-xhdpi/ic_find_in_page_r.png
chrome/android/java/res/drawable-xxhdpi/ic_find_in_page_r.png
chrome/android/java/res/drawable-xxxhdpi/ic_find_in_page_r.png

Icon 'ic_new_tab' replaced by 'drawable/ic_new_tab.xml', spotted files:
chrome/android/java/res/drawable-hdpi/ic_new_tab.png
chrome/android/java/res/drawable-mdpi/ic_new_tab.png
chrome/android/java/res/drawable-xhdpi/ic_new_tab.png
chrome/android/java/res/drawable-xxhdpi/ic_new_tab.png
chrome/android/java/res/drawable-xxxhdpi/ic_new_tab.png

Icon 'ic_night_mode_off' replaced by 'drawable/ic_night_mode_off.xml', spotted files:
chrome/android/java/res/drawable-hdpi/ic_night_mode_off.png
chrome/android/java/res/drawable-mdpi/ic_night_mode_off.png
chrome/android/java/res/drawable-xhdpi/ic_night_mode_off.png
chrome/android/java/res/drawable-xxhdpi/ic_night_mode_off.png
chrome/android/java/res/drawable-xxxhdpi/ic_night_mode_off.png

Icon 'ic_night_mode_on' replaced by 'drawable/ic_night_mode_on.xml', spotted files:
chrome/android/java/res/drawable-hdpi/ic_night_mode_on.png
chrome/android/java/res/drawable-mdpi/ic_night_mode_on.png
chrome/android/java/res/drawable-xhdpi/ic_night_mode_on.png
chrome/android/java/res/drawable-xxhdpi/ic_night_mode_on.png
chrome/android/java/res/drawable-xxxhdpi/ic_night_mode_on.png

Icon 'ic_photo_camera' replaced by 'drawable/ic_photo_camera.xml', spotted files:
chrome/android/java/res/drawable-hdpi/ic_photo_camera.png
chrome/android/java/res/drawable-mdpi/ic_photo_camera.png
chrome/android/java/res/drawable-xhdpi/ic_photo_camera.png
chrome/android/java/res/drawable-xxhdpi/ic_photo_camera.png
chrome/android/java/res/drawable-xxxhdpi/ic_photo_camera.png

Icon 'ic_recent_tabs' replaced by 'drawable/ic_recent_tabs.xml', spotted files:
chrome/android/java/res/drawable-hdpi/ic_recent_tabs.png
chrome/android/java/res/drawable-mdpi/ic_recent_tabs.png
chrome/android/java/res/drawable-xhdpi/ic_recent_tabs.png
chrome/android/java/res/drawable-xxhdpi/ic_recent_tabs.png
chrome/android/java/res/drawable-xxxhdpi/ic_recent_tabs.png

Icon 'ic_share' replaced by 'drawable/ic_share.xml', spotted files:
chrome/android/java/res/drawable-hdpi/ic_share.png
chrome/android/java/res/drawable-mdpi/ic_share.png
chrome/android/java/res/drawable-xhdpi/ic_share.png
chrome/android/java/res/drawable-xxhdpi/ic_share.png
chrome/android/java/res/drawable-xxxhdpi/ic_share.png

Icon 'ic_translate_r' replaced by 'drawable/ic_translate_r.xml', spotted files:
chrome/android/java/res/drawable-hdpi/ic_translate_r.png
chrome/android/java/res/drawable-mdpi/ic_translate_r.png
chrome/android/java/res/drawable-xhdpi/ic_translate_r.png
chrome/android/java/res/drawable-xxhdpi/ic_translate_r.png
chrome/android/java/res/drawable-xxxhdpi/ic_translate_r.png

Icon 'ic_warning_white' replaced by 'drawable/ic_warning_white.xml', spotted files:
chrome/android/java/res/drawable-hdpi/ic_warning_white_24dp.png
chrome/android/java/res/drawable-mdpi/ic_warning_white_24dp.png
chrome/android/java/res/drawable-xhdpi/ic_warning_white_24dp.png
chrome/android/java/res/drawable-xxhdpi/ic_warning_white_24dp.png
chrome/android/java/res/drawable-xxxhdpi/ic_warning_white_24dp.png

Icon 'ics_clear_data' replaced by 'drawable/ics_clear_data.xml', spotted files:
chrome/android/java/res/drawable-hdpi/ics_clear_data.png
chrome/android/java/res/drawable-mdpi/ics_clear_data.png
chrome/android/java/res/drawable-xhdpi/ics_clear_data.png
chrome/android/java/res/drawable-xxhdpi/ics_clear_data.png
chrome/android/java/res/drawable-xxxhdpi/ics_clear_data.png

Icon 'ics_lite_mode' replaced by 'drawable/ics_lite_mode.xml', spotted files:
chrome/android/java/res/drawable-hdpi/ics_lite_mode.png
chrome/android/java/res/drawable-mdpi/ics_lite_mode.png
chrome/android/java/res/drawable-xhdpi/ics_lite_mode.png
chrome/android/java/res/drawable-xxhdpi/ics_lite_mode.png
chrome/android/java/res/drawable-xxxhdpi/ics_lite_mode.png

Icon 'ics_privacy_security' replaced by 'drawable/ics_privacy_security.xml', spotted files:
chrome/android/java/res/drawable-hdpi/ics_privacy_security.png
chrome/android/java/res/drawable-mdpi/ics_privacy_security.png
chrome/android/java/res/drawable-xhdpi/ics_privacy_security.png
chrome/android/java/res/drawable-xxhdpi/ics_privacy_security.png
chrome/android/java/res/drawable-xxxhdpi/ics_privacy_security.png

Icon 'ics_services' replaced by 'drawable/ics_services.xml', spotted files:
chrome/android/java/res/drawable-hdpi/ics_services.png
chrome/android/java/res/drawable-mdpi/ics_services.png
chrome/android/java/res/drawable-xhdpi/ics_services.png
chrome/android/java/res/drawable-xxhdpi/ics_services.png
chrome/android/java/res/drawable-xxxhdpi/ics_services.png

Icon 'ics_tab_switcher' replaced by 'drawable/ics_tab_switcher.xml', spotted files:
chrome/android/java/res/drawable-hdpi/ics_tab_switcher.png
chrome/android/java/res/drawable-mdpi/ics_tab_switcher.png
chrome/android/java/res/drawable-xhdpi/ics_tab_switcher.png
chrome/android/java/res/drawable-xxhdpi/ics_tab_switcher.png
chrome/android/java/res/drawable-xxxhdpi/ics_tab_switcher.png

Icon 'ics_website_settings' replaced by 'drawable/ics_website_settings.xml', spotted files:
chrome/android/java/res/drawable-hdpi/ics_website_settings.png
chrome/android/java/res/drawable-mdpi/ics_website_settings.png
chrome/android/java/res/drawable-xhdpi/ics_website_settings.png
chrome/android/java/res/drawable-xxhdpi/ics_website_settings.png
chrome/android/java/res/drawable-xxxhdpi/ics_website_settings.png

Icon 'menu_update' replaced by 'drawable/menu_update.xml', spotted files:
chrome/android/java/res/drawable-hdpi/menu_update.png
chrome/android/java/res/drawable-mdpi/menu_update.png
chrome/android/java/res/drawable-xhdpi/menu_update.png
chrome/android/java/res/drawable-xxhdpi/menu_update.png
chrome/android/java/res/drawable-xxxhdpi/menu_update.png

Icon 'open_in_new_tab' replaced by 'drawable/open_in_new_tab.xml', spotted files:
chrome/android/java/res/drawable-hdpi/open_in_new_tab.png
chrome/android/java/res/drawable-mdpi/open_in_new_tab.png
chrome/android/java/res/drawable-xhdpi/open_in_new_tab.png
chrome/android/java/res/drawable-xxhdpi/open_in_new_tab.png
chrome/android/java/res/drawable-xxxhdpi/open_in_new_tab.png

Icon 'permission_push_notification_off' replaced by 'drawable/permission_push_notification_off.xml', spotted files:
chrome/android/java/res/drawable-hdpi/permission_push_notification_off.png
chrome/android/java/res/drawable-mdpi/permission_push_notification_off.png
chrome/android/java/res/drawable-xhdpi/permission_push_notification_off.png
chrome/android/java/res/drawable-xxhdpi/permission_push_notification_off.png
chrome/android/java/res/drawable-xxxhdpi/permission_push_notification_off.png



Wed Jul 05 2023 20:25:05 GMT+0000 (Coordinated Universal Time)
Count of spotted files : 150
Number of xml icons generated : 50
=====================================

Wed Jul 05 2023 21:00:45 GMT+0000 (Coordinated Universal Time)
Count of spotted files : 0
Number of xml icons generated : 50
=====================================