bookmark_check_gray: chrome/android/java/res/drawable-hdpi/bookmark_check_gray.png
bookmark_check_gray: chrome/android/java/res/drawable-mdpi/bookmark_check_gray.png
bookmark_check_gray: chrome/android/java/res/drawable-xhdpi/bookmark_check_gray.png
bookmark_check_gray: chrome/android/java/res/drawable-xxhdpi/bookmark_check_gray.png
bookmark_check_gray: chrome/android/java/res/drawable-xxxhdpi/bookmark_check_gray.png
btn_close_white: chrome/android/java/res/drawable-hdpi/btn_close_white.png
btn_close_white: chrome/android/java/res/drawable-mdpi/btn_close_white.png
btn_close_white: chrome/android/java/res/drawable-xhdpi/btn_close_white.png
btn_close_white: chrome/android/java/res/drawable-xxhdpi/btn_close_white.png
btn_close_white: chrome/android/java/res/drawable-xxxhdpi/btn_close_white.png
btn_left: chrome/android/java/res/drawable-hdpi/btn_left.png
btn_left: chrome/android/java/res/drawable-mdpi/btn_left.png
btn_left: chrome/android/java/res/drawable-xhdpi/btn_left.png
btn_left: chrome/android/java/res/drawable-xxhdpi/btn_left.png
btn_left: chrome/android/java/res/drawable-xxxhdpi/btn_left.png
btn_tab_close_normal: chrome/android/java/res/drawable-hdpi/btn_tab_close_normal.png
btn_tab_close_normal: chrome/android/java/res/drawable-mdpi/btn_tab_close_normal.png
btn_tab_close_normal: chrome/android/java/res/drawable-xhdpi/btn_tab_close_normal.png
btn_tab_close_normal: chrome/android/java/res/drawable-xxhdpi/btn_tab_close_normal.png
btn_tab_close_normal: chrome/android/java/res/drawable-xxxhdpi/btn_tab_close_normal.png
ic_add_to_home_screen_r: chrome/android/java/res/drawable-hdpi/ic_add_to_home_screen_r.png
ic_add_to_home_screen_r: chrome/android/java/res/drawable-mdpi/ic_add_to_home_screen_r.png
ic_add_to_home_screen_r: chrome/android/java/res/drawable-xhdpi/ic_add_to_home_screen_r.png
ic_add_to_home_screen_r: chrome/android/java/res/drawable-xxhdpi/ic_add_to_home_screen_r.png
ic_add_to_home_screen_r: chrome/android/java/res/drawable-xxxhdpi/ic_add_to_home_screen_r.png
ic_bookmarks: chrome/android/java/res/drawable-hdpi/ic_bookmarks.png
ic_bookmarks: chrome/android/java/res/drawable-mdpi/ic_bookmarks.png
ic_bookmarks: chrome/android/java/res/drawable-xhdpi/ic_bookmarks.png
ic_bookmarks: chrome/android/java/res/drawable-xxhdpi/ic_bookmarks.png
ic_bookmarks: chrome/android/java/res/drawable-xxxhdpi/ic_bookmarks.png
ic_clear_data: chrome/android/java/res/drawable-hdpi/ic_clear_data.png
ic_clear_data: chrome/android/java/res/drawable-mdpi/ic_clear_data.png
ic_clear_data: chrome/android/java/res/drawable-xhdpi/ic_clear_data.png
ic_clear_data: chrome/android/java/res/drawable-xxhdpi/ic_clear_data.png
ic_clear_data: chrome/android/java/res/drawable-xxxhdpi/ic_clear_data.png
ic_desktop_mode: chrome/android/java/res/drawable-hdpi/ic_desktop_mode.png
ic_desktop_mode: chrome/android/java/res/drawable-mdpi/ic_desktop_mode.png
ic_desktop_mode: chrome/android/java/res/drawable-xhdpi/ic_desktop_mode.png
ic_desktop_mode: chrome/android/java/res/drawable-xxhdpi/ic_desktop_mode.png
ic_desktop_mode: chrome/android/java/res/drawable-xxxhdpi/ic_desktop_mode.png
ic_devtools: chrome/android/java/res/drawable-hdpi/ic_devtools.png
ic_devtools: chrome/android/java/res/drawable-mdpi/ic_devtools.png
ic_devtools: chrome/android/java/res/drawable-xhdpi/ic_devtools.png
ic_devtools: chrome/android/java/res/drawable-xxhdpi/ic_devtools.png
ic_devtools: chrome/android/java/res/drawable-xxxhdpi/ic_devtools.png
ic_downloads: chrome/android/java/res/drawable-hdpi/ic_downloads.png
ic_downloads: chrome/android/java/res/drawable-mdpi/ic_downloads.png
ic_downloads: chrome/android/java/res/drawable-xhdpi/ic_downloads.png
ic_downloads: chrome/android/java/res/drawable-xxhdpi/ic_downloads.png
ic_downloads: chrome/android/java/res/drawable-xxxhdpi/ic_downloads.png
ic_exit_to_app: chrome/android/java/res/drawable-hdpi/ic_exit_to_app_white_24dp.png
ic_exit_to_app: chrome/android/java/res/drawable-mdpi/ic_exit_to_app_white_24dp.png
ic_exit_to_app: chrome/android/java/res/drawable-xhdpi/ic_exit_to_app_white_24dp.png
ic_exit_to_app: chrome/android/java/res/drawable-xxhdpi/ic_exit_to_app_white_24dp.png
ic_exit_to_app: chrome/android/java/res/drawable-xxxhdpi/ic_exit_to_app_white_24dp.png
ic_extensions: chrome/android/java/res/drawable-hdpi/ic_extensions.png
ic_extensions: chrome/android/java/res/drawable-mdpi/ic_extensions.png
ic_extensions: chrome/android/java/res/drawable-xhdpi/ic_extensions.png
ic_extensions: chrome/android/java/res/drawable-xxhdpi/ic_extensions.png
ic_extensions: chrome/android/java/res/drawable-xxxhdpi/ic_extensions.png
ic_find_in_page_r: chrome/android/java/res/drawable-hdpi/ic_find_in_page_r.png
ic_find_in_page_r: chrome/android/java/res/drawable-mdpi/ic_find_in_page_r.png
ic_find_in_page_r: chrome/android/java/res/drawable-xhdpi/ic_find_in_page_r.png
ic_find_in_page_r: chrome/android/java/res/drawable-xxhdpi/ic_find_in_page_r.png
ic_find_in_page_r: chrome/android/java/res/drawable-xxxhdpi/ic_find_in_page_r.png
ic_new_tab: chrome/android/java/res/drawable-hdpi/ic_new_tab.png
ic_new_tab: chrome/android/java/res/drawable-mdpi/ic_new_tab.png
ic_new_tab: chrome/android/java/res/drawable-xhdpi/ic_new_tab.png
ic_new_tab: chrome/android/java/res/drawable-xxhdpi/ic_new_tab.png
ic_new_tab: chrome/android/java/res/drawable-xxxhdpi/ic_new_tab.png
ic_night_mode_off: chrome/android/java/res/drawable-hdpi/ic_night_mode_off.png
ic_night_mode_off: chrome/android/java/res/drawable-mdpi/ic_night_mode_off.png
ic_night_mode_off: chrome/android/java/res/drawable-xhdpi/ic_night_mode_off.png
ic_night_mode_off: chrome/android/java/res/drawable-xxhdpi/ic_night_mode_off.png
ic_night_mode_off: chrome/android/java/res/drawable-xxxhdpi/ic_night_mode_off.png
ic_night_mode_on: chrome/android/java/res/drawable-hdpi/ic_night_mode_on.png
ic_night_mode_on: chrome/android/java/res/drawable-mdpi/ic_night_mode_on.png
ic_night_mode_on: chrome/android/java/res/drawable-xhdpi/ic_night_mode_on.png
ic_night_mode_on: chrome/android/java/res/drawable-xxhdpi/ic_night_mode_on.png
ic_night_mode_on: chrome/android/java/res/drawable-xxxhdpi/ic_night_mode_on.png
ic_photo_camera: chrome/android/java/res/drawable-hdpi/ic_photo_camera.png
ic_photo_camera: chrome/android/java/res/drawable-mdpi/ic_photo_camera.png
ic_photo_camera: chrome/android/java/res/drawable-xhdpi/ic_photo_camera.png
ic_photo_camera: chrome/android/java/res/drawable-xxhdpi/ic_photo_camera.png
ic_photo_camera: chrome/android/java/res/drawable-xxxhdpi/ic_photo_camera.png
ic_recent_tabs: chrome/android/java/res/drawable-hdpi/ic_recent_tabs.png
ic_recent_tabs: chrome/android/java/res/drawable-mdpi/ic_recent_tabs.png
ic_recent_tabs: chrome/android/java/res/drawable-xhdpi/ic_recent_tabs.png
ic_recent_tabs: chrome/android/java/res/drawable-xxhdpi/ic_recent_tabs.png
ic_recent_tabs: chrome/android/java/res/drawable-xxxhdpi/ic_recent_tabs.png
ic_share: chrome/android/java/res/drawable-hdpi/ic_share.png
ic_share: chrome/android/java/res/drawable-mdpi/ic_share.png
ic_share: chrome/android/java/res/drawable-xhdpi/ic_share.png
ic_share: chrome/android/java/res/drawable-xxhdpi/ic_share.png
ic_share: chrome/android/java/res/drawable-xxxhdpi/ic_share.png
ic_translate_r: chrome/android/java/res/drawable-hdpi/ic_translate_r.png
ic_translate_r: chrome/android/java/res/drawable-mdpi/ic_translate_r.png
ic_translate_r: chrome/android/java/res/drawable-xhdpi/ic_translate_r.png
ic_translate_r: chrome/android/java/res/drawable-xxhdpi/ic_translate_r.png
ic_translate_r: chrome/android/java/res/drawable-xxxhdpi/ic_translate_r.png
ic_warning_white: chrome/android/java/res/drawable-hdpi/ic_warning_white_24dp.png
ic_warning_white: chrome/android/java/res/drawable-mdpi/ic_warning_white_24dp.png
ic_warning_white: chrome/android/java/res/drawable-xhdpi/ic_warning_white_24dp.png
ic_warning_white: chrome/android/java/res/drawable-xxhdpi/ic_warning_white_24dp.png
ic_warning_white: chrome/android/java/res/drawable-xxxhdpi/ic_warning_white_24dp.png
ics_clear_data: chrome/android/java/res/drawable-hdpi/ics_clear_data.png
ics_clear_data: chrome/android/java/res/drawable-mdpi/ics_clear_data.png
ics_clear_data: chrome/android/java/res/drawable-xhdpi/ics_clear_data.png
ics_clear_data: chrome/android/java/res/drawable-xxhdpi/ics_clear_data.png
ics_clear_data: chrome/android/java/res/drawable-xxxhdpi/ics_clear_data.png
ics_lite_mode: chrome/android/java/res/drawable-hdpi/ics_lite_mode.png
ics_lite_mode: chrome/android/java/res/drawable-mdpi/ics_lite_mode.png
ics_lite_mode: chrome/android/java/res/drawable-xhdpi/ics_lite_mode.png
ics_lite_mode: chrome/android/java/res/drawable-xxhdpi/ics_lite_mode.png
ics_lite_mode: chrome/android/java/res/drawable-xxxhdpi/ics_lite_mode.png
ics_privacy_security: chrome/android/java/res/drawable-hdpi/ics_privacy_security.png
ics_privacy_security: chrome/android/java/res/drawable-mdpi/ics_privacy_security.png
ics_privacy_security: chrome/android/java/res/drawable-xhdpi/ics_privacy_security.png
ics_privacy_security: chrome/android/java/res/drawable-xxhdpi/ics_privacy_security.png
ics_privacy_security: chrome/android/java/res/drawable-xxxhdpi/ics_privacy_security.png
ics_services: chrome/android/java/res/drawable-hdpi/ics_services.png
ics_services: chrome/android/java/res/drawable-mdpi/ics_services.png
ics_services: chrome/android/java/res/drawable-xhdpi/ics_services.png
ics_services: chrome/android/java/res/drawable-xxhdpi/ics_services.png
ics_services: chrome/android/java/res/drawable-xxxhdpi/ics_services.png
ics_tab_switcher: chrome/android/java/res/drawable-hdpi/ics_tab_switcher.png
ics_tab_switcher: chrome/android/java/res/drawable-mdpi/ics_tab_switcher.png
ics_tab_switcher: chrome/android/java/res/drawable-xhdpi/ics_tab_switcher.png
ics_tab_switcher: chrome/android/java/res/drawable-xxhdpi/ics_tab_switcher.png
ics_tab_switcher: chrome/android/java/res/drawable-xxxhdpi/ics_tab_switcher.png
ics_website_settings: chrome/android/java/res/drawable-hdpi/ics_website_settings.png
ics_website_settings: chrome/android/java/res/drawable-mdpi/ics_website_settings.png
ics_website_settings: chrome/android/java/res/drawable-xhdpi/ics_website_settings.png
ics_website_settings: chrome/android/java/res/drawable-xxhdpi/ics_website_settings.png
ics_website_settings: chrome/android/java/res/drawable-xxxhdpi/ics_website_settings.png
menu_update: chrome/android/java/res/drawable-hdpi/menu_update.png
menu_update: chrome/android/java/res/drawable-mdpi/menu_update.png
menu_update: chrome/android/java/res/drawable-xhdpi/menu_update.png
menu_update: chrome/android/java/res/drawable-xxhdpi/menu_update.png
menu_update: chrome/android/java/res/drawable-xxxhdpi/menu_update.png
open_in_new_tab: chrome/android/java/res/drawable-hdpi/open_in_new_tab.png
open_in_new_tab: chrome/android/java/res/drawable-mdpi/open_in_new_tab.png
open_in_new_tab: chrome/android/java/res/drawable-xhdpi/open_in_new_tab.png
open_in_new_tab: chrome/android/java/res/drawable-xxhdpi/open_in_new_tab.png
open_in_new_tab: chrome/android/java/res/drawable-xxxhdpi/open_in_new_tab.png
permission_push_notification_off: chrome/android/java/res/drawable-hdpi/permission_push_notification_off.png
permission_push_notification_off: chrome/android/java/res/drawable-mdpi/permission_push_notification_off.png
permission_push_notification_off: chrome/android/java/res/drawable-xhdpi/permission_push_notification_off.png
permission_push_notification_off: chrome/android/java/res/drawable-xxhdpi/permission_push_notification_off.png
permission_push_notification_off: chrome/android/java/res/drawable-xxxhdpi/permission_push_notification_off.png


Wed Jul 05 2023 20:25:10 GMT+0000 (Coordinated Universal Time)
Number of deleted files : 150
=====================================

Wed Jul 05 2023 21:00:50 GMT+0000 (Coordinated Universal Time)
Number of deleted files : 0
=====================================